[0m18:43:38.911631 [debug] [MainThread]: Sending event: {'category': 'dbt', 'action': 'invocation', 'label': 'start', 'context': [<snowplow_tracker.self_describing_json.SelfDescribingJson object at 0x000002B40E40D2B0>, <snowplow_tracker.self_describing_json.SelfDescribingJson object at 0x000002B40D098CD0>, <snowplow_tracker.self_describing_json.SelfDescribingJson object at 0x000002B40F172E90>]}


============================== 18:43:38.952912 | de5ac583-9622-4553-9291-2fa1c90a584e ==============================
[0m18:43:38.952912 [info ] [MainThread]: Running with dbt=1.11.6
[0m18:43:38.953626 [debug] [MainThread]: running dbt with arguments {'version_check': 'True', 'no_print': 'None', 'static_parser': 'True', 'warn_error_options': 'WarnErrorOptionsV2(error=[], warn=[], silence=[])', 'target_path': 'None', 'printer_width': '80', 'write_json': 'True', 'empty': 'None', 'log_cache_events': 'False', 'introspect': 'True', 'cache_selected_only': 'False', 'log_format': 'default', 'debug': 'False', 'fail_fast': 'False', 'partial_parse': 'True', 'send_anonymous_usage_stats': 'True', 'quiet': 'False', 'warn_error': 'None', 'profiles_dir': 'C:\\Users\\Joint\\.dbt', 'use_colors': 'True', 'indirect_selection': 'eager', 'invocation_command': 'dbt init my_medallion', 'use_experimental_parser': 'False', 'log_path': 'logs'}
[0m18:43:39.036079 [debug] [MainThread]: Starter project path: C:\Users\Joint\Documents\GitHub\SQL-Data-Warehouse-First\pyspark_pipeline\dbt_bricks\.venv\Lib\site-packages\dbt\include\starter_project
[0m18:43:39.051322 [info ] [MainThread]: 
Your new dbt project "my_medallion" was created!

For more information on how to configure the profiles.yml file,
please consult the dbt documentation here:

  https://docs.getdbt.com/docs/configure-your-profile

One more thing:

Need help? Don't hesitate to reach out to us via GitHub issues or on Slack:

  https://community.getdbt.com/

Happy modeling!

[0m18:43:39.051995 [info ] [MainThread]: Setting up your profile.
[0m18:43:55.369135 [debug] [MainThread]: Spark adapter: Setting pyhive.hive logging to ERROR
[0m18:43:55.370290 [debug] [MainThread]: Spark adapter: Setting thrift.transport logging to ERROR
[0m18:43:55.370844 [debug] [MainThread]: Spark adapter: Setting thrift.protocol logging to ERROR
[0m18:44:52.193613 [info ] [MainThread]: Profile my_medallion written to C:\Users\Joint\.dbt\profiles.yml using target's profile_template.yml and your supplied values. Run 'dbt debug' to validate the connection.
[0m18:44:52.195294 [debug] [MainThread]: Command `dbt init` succeeded at 18:44:52.195122 after 73.44 seconds
[0m18:44:52.195710 [debug] [MainThread]: Sending event: {'category': 'dbt', 'action': 'invocation', 'label': 'end', 'context': [<snowplow_tracker.self_describing_json.SelfDescribingJson object at 0x000002B4109390F0>, <snowplow_tracker.self_describing_json.SelfDescribingJson object at 0x000002B41093DFD0>, <snowplow_tracker.self_describing_json.SelfDescribingJson object at 0x000002B413C1B240>]}
[0m18:44:52.196114 [debug] [MainThread]: Flushing usage events
[0m18:44:53.329074 [debug] [MainThread]: An error was encountered while trying to flush usage events
[0m18:45:05.195075 [debug] [MainThread]: Sending event: {'category': 'dbt', 'action': 'invocation', 'label': 'start', 'context': [<snowplow_tracker.self_describing_json.SelfDescribingJson object at 0x000002C928F95400>, <snowplow_tracker.self_describing_json.SelfDescribingJson object at 0x000002C92A137ED0>, <snowplow_tracker.self_describing_json.SelfDescribingJson object at 0x000002C92A137B10>]}


============================== 18:45:05.199742 | 458b1c96-b51e-4407-89e4-bb342bc48f92 ==============================
[0m18:45:05.199742 [info ] [MainThread]: Running with dbt=1.11.6
[0m18:45:05.200739 [debug] [MainThread]: running dbt with arguments {'static_parser': 'True', 'no_print': 'None', 'version_check': 'True', 'warn_error_options': 'WarnErrorOptionsV2(error=[], warn=[], silence=[])', 'target_path': 'None', 'printer_width': '80', 'write_json': 'True', 'introspect': 'True', 'log_cache_events': 'False', 'empty': 'None', 'cache_selected_only': 'False', 'log_format': 'default', 'debug': 'False', 'fail_fast': 'False', 'partial_parse': 'True', 'send_anonymous_usage_stats': 'True', 'quiet': 'False', 'warn_error': 'None', 'profiles_dir': 'C:\\Users\\Joint\\.dbt', 'use_colors': 'True', 'indirect_selection': 'eager', 'invocation_command': 'dbt debug', 'use_experimental_parser': 'False', 'log_path': 'logs'}
[0m18:45:05.223721 [info ] [MainThread]: dbt version: 1.11.6
[0m18:45:05.224325 [info ] [MainThread]: python version: 3.13.5
[0m18:45:05.224757 [info ] [MainThread]: python path: C:\Users\Joint\Documents\GitHub\SQL-Data-Warehouse-First\pyspark_pipeline\dbt_bricks\.venv\Scripts\python.exe
[0m18:45:05.225176 [info ] [MainThread]: os info: Windows-11-10.0.26200-SP0
[0m18:45:06.558980 [debug] [MainThread]: Spark adapter: Setting pyhive.hive logging to ERROR
[0m18:45:06.560346 [debug] [MainThread]: Spark adapter: Setting thrift.transport logging to ERROR
[0m18:45:06.561216 [debug] [MainThread]: Spark adapter: Setting thrift.protocol logging to ERROR
[0m18:45:07.553554 [info ] [MainThread]: Using profiles dir at C:\Users\Joint\.dbt
[0m18:45:07.554453 [info ] [MainThread]: Using profiles.yml file at C:\Users\Joint\.dbt\profiles.yml
[0m18:45:07.555080 [info ] [MainThread]: Using dbt_project.yml file at C:\Users\Joint\Documents\GitHub\SQL-Data-Warehouse-First\pyspark_pipeline\dbt_bricks\dbt_project.yml
[0m18:45:07.555693 [info ] [MainThread]: adapter type: databricks
[0m18:45:07.556321 [info ] [MainThread]: adapter version: 1.11.6
[0m18:45:07.556977 [info ] [MainThread]: Configuration:
[0m18:45:07.557732 [info ] [MainThread]:   profiles.yml file [[32mOK found and valid[0m]
[0m18:45:07.558476 [info ] [MainThread]:   dbt_project.yml file [[31mERROR not found[0m]
[0m18:45:07.559309 [info ] [MainThread]: Required dependencies:
[0m18:45:07.560198 [debug] [MainThread]: Executing "git --help"
[0m18:45:07.566305 [info ] [MainThread]:  - git [[31mERROR[0m]

[0m18:45:07.567017 [info ] [MainThread]: Connection:
[0m18:45:07.568162 [info ] [MainThread]:   host: dbc-9071dc56-c7b2.cloud.databricks.com
[0m18:45:07.569200 [info ] [MainThread]:   http_path: /sql/1.0/warehouses/ea1f02fd4f8dcc27
[0m18:45:07.570324 [info ] [MainThread]:   catalog: hive_metastore
[0m18:45:07.571445 [info ] [MainThread]:   schema: silver
[0m18:45:07.572759 [info ] [MainThread]: Registered adapter: databricks=1.11.6
[0m18:45:08.318861 [warn ] [MainThread]: [[33mWARNING[0m]: Use managed Iceberg tables when table_format is iceberg. When this flag is disabled, UniForm is used instead.
You may opt into the new behavior sooner by setting `flags.use_managed_iceberg` to `True` in `dbt_project.yml`.
Visit https://docs.getdbt.com/reference/global-configs/behavior-changes for more information.
[0m18:45:08.319724 [debug] [MainThread]: Sending event: {'category': 'dbt', 'action': 'BehaviorChangeEvent', 'label': '458b1c96-b51e-4407-89e4-bb342bc48f92', 'context': [<snowplow_tracker.self_describing_json.SelfDescribingJson object at 0x000002C947840FC0>]}
[0m18:45:08.320281 [debug] [MainThread]: Databricks adapter: DatabricksDBTConnection(session-id=None, name=debug) - Creating connection
[0m18:45:08.320621 [debug] [MainThread]: Acquiring new databricks connection 'debug'
[0m18:45:08.320922 [debug] [MainThread]: Using databricks connection "debug"
[0m18:45:08.321231 [debug] [MainThread]: On debug: select 1 as id
[0m18:45:08.321510 [debug] [MainThread]: Opening a new connection, currently in state init
[0m18:45:09.254340 [debug] [MainThread]: Databricks adapter: Connection(session-id=01f122f2-349a-1484-9950-e1c69c34e0f5) - Created
[0m18:45:12.737911 [debug] [MainThread]: SQL status: OK in 4.420 seconds
[0m18:45:12.738996 [debug] [MainThread]: Databricks adapter: Cursor(session-id=01f122f2-349a-1484-9950-e1c69c34e0f5, command-id=01f122f2-34b6-1c89-bf7e-d10168146785) - Closing
[0m18:45:12.739547 [debug] [MainThread]: On debug: Close
[0m18:45:12.740117 [debug] [MainThread]: Databricks adapter: Connection(session-id=01f122f2-349a-1484-9950-e1c69c34e0f5) - Closing
[0m18:45:12.936835 [info ] [MainThread]:   Connection test: [[32mOK connection ok[0m]

[0m18:45:12.937573 [info ] [MainThread]: [31m2 checks failed:[0m
[0m18:45:12.938086 [info ] [MainThread]: Project loading failed for the following reason:
 project path <C:\Users\Joint\Documents\GitHub\SQL-Data-Warehouse-First\pyspark_pipeline\dbt_bricks\dbt_project.yml> not found

[0m18:45:12.938596 [info ] [MainThread]: Error from git --help: Could not find command, ensure it is in the user's PATH and that the user has permissions to run it: "git"

[0m18:45:12.939853 [debug] [MainThread]: Command `dbt debug` failed at 18:45:12.939695 after 7.92 seconds
[0m18:45:12.940256 [debug] [MainThread]: Sending event: {'category': 'dbt', 'action': 'invocation', 'label': 'end', 'context': [<snowplow_tracker.self_describing_json.SelfDescribingJson object at 0x000002C9477F58C0>, <snowplow_tracker.self_describing_json.SelfDescribingJson object at 0x000002C9477F59D0>, <snowplow_tracker.self_describing_json.SelfDescribingJson object at 0x000002C94772F050>]}
[0m18:45:12.940624 [debug] [MainThread]: Flushing usage events
[0m18:45:13.838196 [debug] [MainThread]: An error was encountered while trying to flush usage events
[0m18:46:24.347249 [debug] [MainThread]: Sending event: {'category': 'dbt', 'action': 'invocation', 'label': 'start', 'context': [<snowplow_tracker.self_describing_json.SelfDescribingJson object at 0x000001B7CE5F1400>, <snowplow_tracker.self_describing_json.SelfDescribingJson object at 0x000001B7CF79BED0>, <snowplow_tracker.self_describing_json.SelfDescribingJson object at 0x000001B7CF79BB10>]}


============================== 18:46:24.351222 | 56606466-8248-4bb2-864c-081534fb32ca ==============================
[0m18:46:24.351222 [info ] [MainThread]: Running with dbt=1.11.6
[0m18:46:24.351963 [debug] [MainThread]: running dbt with arguments {'static_parser': 'True', 'no_print': 'None', 'version_check': 'True', 'warn_error_options': 'WarnErrorOptionsV2(error=[], warn=[], silence=[])', 'target_path': 'None', 'printer_width': '80', 'write_json': 'True', 'empty': 'None', 'log_cache_events': 'False', 'introspect': 'True', 'cache_selected_only': 'False', 'log_format': 'default', 'debug': 'False', 'fail_fast': 'False', 'profiles_dir': 'C:\\Users\\Joint\\Documents\\GitHub\\SQL-Data-Warehouse-First\\pyspark_pipeline\\dbt_bricks', 'send_anonymous_usage_stats': 'True', 'quiet': 'False', 'warn_error': 'None', 'partial_parse': 'True', 'use_colors': 'True', 'invocation_command': 'dbt debug', 'indirect_selection': 'eager', 'use_experimental_parser': 'False', 'log_path': 'logs'}
[0m18:46:24.366519 [info ] [MainThread]: dbt version: 1.11.6
[0m18:46:24.367185 [info ] [MainThread]: python version: 3.13.5
[0m18:46:24.367738 [info ] [MainThread]: python path: C:\Users\Joint\Documents\GitHub\SQL-Data-Warehouse-First\pyspark_pipeline\dbt_bricks\.venv\Scripts\python.exe
[0m18:46:24.368275 [info ] [MainThread]: os info: Windows-11-10.0.26200-SP0
[0m18:46:25.377739 [debug] [MainThread]: Spark adapter: Setting pyhive.hive logging to ERROR
[0m18:46:25.378217 [debug] [MainThread]: Spark adapter: Setting thrift.transport logging to ERROR
[0m18:46:25.378545 [debug] [MainThread]: Spark adapter: Setting thrift.protocol logging to ERROR
[0m18:46:26.023061 [info ] [MainThread]: Using profiles dir at C:\Users\Joint\Documents\GitHub\SQL-Data-Warehouse-First\pyspark_pipeline\dbt_bricks
[0m18:46:26.023733 [info ] [MainThread]: Using profiles.yml file at C:\Users\Joint\Documents\GitHub\SQL-Data-Warehouse-First\pyspark_pipeline\dbt_bricks\profiles.yml
[0m18:46:26.024226 [info ] [MainThread]: Using dbt_project.yml file at C:\Users\Joint\Documents\GitHub\SQL-Data-Warehouse-First\pyspark_pipeline\dbt_bricks\dbt_project.yml
[0m18:46:26.024710 [info ] [MainThread]: adapter type: databricks
[0m18:46:26.025201 [info ] [MainThread]: adapter version: 1.11.6
[0m18:46:26.025707 [info ] [MainThread]: Configuration:
[0m18:46:26.026168 [info ] [MainThread]:   profiles.yml file [[32mOK found and valid[0m]
[0m18:46:26.026669 [info ] [MainThread]:   dbt_project.yml file [[31mERROR not found[0m]
[0m18:46:26.027197 [info ] [MainThread]: Required dependencies:
[0m18:46:26.027735 [debug] [MainThread]: Executing "git --help"
[0m18:46:26.033042 [info ] [MainThread]:  - git [[31mERROR[0m]

[0m18:46:26.033653 [info ] [MainThread]: Connection:
[0m18:46:26.034163 [info ] [MainThread]:   host: dbc-9071dc56-c7b2.cloud.databricks.com
[0m18:46:26.034598 [info ] [MainThread]:   http_path: /sql/1.0/warehouses/ea1f02fd4f8dcc27
[0m18:46:26.035070 [info ] [MainThread]:   catalog: hive_metastore
[0m18:46:26.035491 [info ] [MainThread]:   schema: default
[0m18:46:26.036092 [info ] [MainThread]: Registered adapter: databricks=1.11.6
[0m18:46:26.536893 [warn ] [MainThread]: [[33mWARNING[0m]: Use managed Iceberg tables when table_format is iceberg. When this flag is disabled, UniForm is used instead.
You may opt into the new behavior sooner by setting `flags.use_managed_iceberg` to `True` in `dbt_project.yml`.
Visit https://docs.getdbt.com/reference/global-configs/behavior-changes for more information.
[0m18:46:26.537650 [debug] [MainThread]: Sending event: {'category': 'dbt', 'action': 'BehaviorChangeEvent', 'label': '56606466-8248-4bb2-864c-081534fb32ca', 'context': [<snowplow_tracker.self_describing_json.SelfDescribingJson object at 0x000001B7ECE70E90>]}
[0m18:46:26.538152 [debug] [MainThread]: Databricks adapter: DatabricksDBTConnection(session-id=None, name=debug) - Creating connection
[0m18:46:26.538445 [debug] [MainThread]: Acquiring new databricks connection 'debug'
[0m18:46:26.538726 [debug] [MainThread]: Using databricks connection "debug"
[0m18:46:26.539009 [debug] [MainThread]: On debug: select 1 as id
[0m18:46:26.539289 [debug] [MainThread]: Opening a new connection, currently in state init
[0m18:46:27.400209 [debug] [MainThread]: Databricks adapter: Connection(session-id=01f122f2-632f-16d4-8b05-db5a7ae46277) - Created
[0m18:46:28.106723 [debug] [MainThread]: SQL status: OK in 1.570 seconds
[0m18:46:28.107644 [debug] [MainThread]: Databricks adapter: Cursor(session-id=01f122f2-632f-16d4-8b05-db5a7ae46277, command-id=01f122f2-634a-18ae-9b5f-a5d5da24eb0c) - Closing
[0m18:46:28.108033 [debug] [MainThread]: On debug: Close
[0m18:46:28.108355 [debug] [MainThread]: Databricks adapter: Connection(session-id=01f122f2-632f-16d4-8b05-db5a7ae46277) - Closing
[0m18:46:28.279647 [info ] [MainThread]:   Connection test: [[32mOK connection ok[0m]

[0m18:46:28.280375 [info ] [MainThread]: [31m2 checks failed:[0m
[0m18:46:28.280873 [info ] [MainThread]: Project loading failed for the following reason:
 project path <C:\Users\Joint\Documents\GitHub\SQL-Data-Warehouse-First\pyspark_pipeline\dbt_bricks\dbt_project.yml> not found

[0m18:46:28.281378 [info ] [MainThread]: Error from git --help: Could not find command, ensure it is in the user's PATH and that the user has permissions to run it: "git"

[0m18:46:28.282247 [debug] [MainThread]: Command `dbt debug` failed at 18:46:28.282134 after 4.10 seconds
[0m18:46:28.282620 [debug] [MainThread]: Sending event: {'category': 'dbt', 'action': 'invocation', 'label': 'end', 'context': [<snowplow_tracker.self_describing_json.SelfDescribingJson object at 0x000001B7ECE058C0>, <snowplow_tracker.self_describing_json.SelfDescribingJson object at 0x000001B7ECE059D0>, <snowplow_tracker.self_describing_json.SelfDescribingJson object at 0x000001B7ECD3F150>]}
[0m18:46:28.282965 [debug] [MainThread]: Flushing usage events
[0m18:46:29.202437 [debug] [MainThread]: An error was encountered while trying to flush usage events
[0m18:46:54.908664 [debug] [MainThread]: Sending event: {'category': 'dbt', 'action': 'invocation', 'label': 'start', 'context': [<snowplow_tracker.self_describing_json.SelfDescribingJson object at 0x000001E7C9C65400>, <snowplow_tracker.self_describing_json.SelfDescribingJson object at 0x000001E7CBDDBED0>, <snowplow_tracker.self_describing_json.SelfDescribingJson object at 0x000001E7CBDDBB10>]}


============================== 18:46:54.912371 | f40fdbdc-6dbd-4d86-b545-4118036e6b89 ==============================
[0m18:46:54.912371 [info ] [MainThread]: Running with dbt=1.11.6
[0m18:46:54.913022 [debug] [MainThread]: running dbt with arguments {'version_check': 'True', 'no_print': 'None', 'static_parser': 'True', 'target_path': 'None', 'warn_error_options': 'WarnErrorOptionsV2(error=[], warn=[], silence=[])', 'printer_width': '80', 'write_json': 'True', 'empty': 'None', 'log_cache_events': 'False', 'introspect': 'True', 'cache_selected_only': 'False', 'log_format': 'default', 'debug': 'False', 'fail_fast': 'False', 'partial_parse': 'True', 'send_anonymous_usage_stats': 'True', 'quiet': 'False', 'warn_error': 'None', 'profiles_dir': 'C:\\Users\\Joint\\.dbt', 'invocation_command': 'dbt debug', 'use_colors': 'True', 'indirect_selection': 'eager', 'use_experimental_parser': 'False', 'log_path': 'C:\\Users\\Joint\\Documents\\GitHub\\SQL-Data-Warehouse-First\\pyspark_pipeline\\dbt_bricks\\logs'}
[0m18:46:54.928916 [info ] [MainThread]: dbt version: 1.11.6
[0m18:46:54.929487 [info ] [MainThread]: python version: 3.13.5
[0m18:46:54.929991 [info ] [MainThread]: python path: C:\Users\Joint\Documents\GitHub\SQL-Data-Warehouse-First\pyspark_pipeline\dbt_bricks\.venv\Scripts\python.exe
[0m18:46:54.930469 [info ] [MainThread]: os info: Windows-11-10.0.26200-SP0
[0m18:46:55.980556 [debug] [MainThread]: Spark adapter: Setting pyhive.hive logging to ERROR
[0m18:46:55.981218 [debug] [MainThread]: Spark adapter: Setting thrift.transport logging to ERROR
[0m18:46:55.981657 [debug] [MainThread]: Spark adapter: Setting thrift.protocol logging to ERROR
[0m18:46:56.677066 [info ] [MainThread]: Using profiles dir at C:\Users\Joint\.dbt
[0m18:46:56.677657 [info ] [MainThread]: Using profiles.yml file at C:\Users\Joint\.dbt\profiles.yml
[0m18:46:56.678102 [info ] [MainThread]: Using dbt_project.yml file at C:\Users\Joint\Documents\GitHub\SQL-Data-Warehouse-First\pyspark_pipeline\dbt_bricks\dbt_project.yml
[0m18:46:56.678554 [info ] [MainThread]: adapter type: databricks
[0m18:46:56.678993 [info ] [MainThread]: adapter version: 1.11.6
[0m18:46:56.681117 [info ] [MainThread]: Configuration:
[0m18:46:56.681752 [info ] [MainThread]:   profiles.yml file [[32mOK found and valid[0m]
[0m18:46:56.682233 [info ] [MainThread]:   dbt_project.yml file [[31mERROR invalid[0m]
[0m18:46:56.682702 [info ] [MainThread]: Required dependencies:
[0m18:46:56.683366 [debug] [MainThread]: Executing "git --help"
[0m18:46:56.688074 [info ] [MainThread]:  - git [[31mERROR[0m]

[0m18:46:56.688661 [info ] [MainThread]: Connection:
[0m18:46:56.689597 [info ] [MainThread]:   host: dbc-9071dc56-c7b2.cloud.databricks.com
[0m18:46:56.690271 [info ] [MainThread]:   http_path: /sql/1.0/warehouses/ea1f02fd4f8dcc27
[0m18:46:56.690818 [info ] [MainThread]:   catalog: hive_metastore
[0m18:46:56.691528 [info ] [MainThread]:   schema: silver
[0m18:46:56.692645 [info ] [MainThread]: Registered adapter: databricks=1.11.6
[0m18:46:57.205173 [warn ] [MainThread]: [[33mWARNING[0m]: Use managed Iceberg tables when table_format is iceberg. When this flag is disabled, UniForm is used instead.
You may opt into the new behavior sooner by setting `flags.use_managed_iceberg` to `True` in `dbt_project.yml`.
Visit https://docs.getdbt.com/reference/global-configs/behavior-changes for more information.
[0m18:46:57.205989 [debug] [MainThread]: Sending event: {'category': 'dbt', 'action': 'BehaviorChangeEvent', 'label': 'f40fdbdc-6dbd-4d86-b545-4118036e6b89', 'context': [<snowplow_tracker.self_describing_json.SelfDescribingJson object at 0x000001E7E84C10F0>]}
[0m18:46:57.206513 [debug] [MainThread]: Databricks adapter: DatabricksDBTConnection(session-id=None, name=debug) - Creating connection
[0m18:46:57.206824 [debug] [MainThread]: Acquiring new databricks connection 'debug'
[0m18:46:57.207119 [debug] [MainThread]: Using databricks connection "debug"
[0m18:46:57.207425 [debug] [MainThread]: On debug: select 1 as id
[0m18:46:57.207748 [debug] [MainThread]: Opening a new connection, currently in state init
[0m18:46:57.978397 [debug] [MainThread]: Databricks adapter: Connection(session-id=01f122f2-7567-121a-84c3-13b5d1970703) - Created
[0m18:46:58.449251 [debug] [MainThread]: SQL status: OK in 1.240 seconds
[0m18:46:58.450216 [debug] [MainThread]: Databricks adapter: Cursor(session-id=01f122f2-7567-121a-84c3-13b5d1970703, command-id=01f122f2-7584-1af1-8988-30483ba73784) - Closing
[0m18:46:58.450629 [debug] [MainThread]: On debug: Close
[0m18:46:58.450949 [debug] [MainThread]: Databricks adapter: Connection(session-id=01f122f2-7567-121a-84c3-13b5d1970703) - Closing
[0m18:46:58.668203 [info ] [MainThread]:   Connection test: [[32mOK connection ok[0m]

[0m18:46:58.668876 [info ] [MainThread]: [31m2 checks failed:[0m
[0m18:46:58.669377 [info ] [MainThread]: Project loading failed for the following reason:
Runtime Error
  Required "name" field not present in project

Error encountered in C:\Users\Joint\Documents\GitHub\SQL-Data-Warehouse-First\pyspark_pipeline\dbt_bricks\dbt_project.yml


[0m18:46:58.669894 [info ] [MainThread]: Error from git --help: Could not find command, ensure it is in the user's PATH and that the user has permissions to run it: "git"

[0m18:46:58.670782 [debug] [MainThread]: Command `dbt debug` failed at 18:46:58.670663 after 3.91 seconds
[0m18:46:58.671170 [debug] [MainThread]: Sending event: {'category': 'dbt', 'action': 'invocation', 'label': 'end', 'context': [<snowplow_tracker.self_describing_json.SelfDescribingJson object at 0x000001E7E8455E10>, <snowplow_tracker.self_describing_json.SelfDescribingJson object at 0x000001E7E8455D00>, <snowplow_tracker.self_describing_json.SelfDescribingJson object at 0x000001E7E838F150>]}
[0m18:46:58.671531 [debug] [MainThread]: Flushing usage events
[0m18:46:59.576114 [debug] [MainThread]: An error was encountered while trying to flush usage events
